[debug] ----------------------------------------------------------------------
[debug] Command:      /usr/local/bin/node /usr/local/bin/firebase deploy
[debug] CLI Version:  3.6.1
[debug] Platform:     darwin
[debug] Node Version: v7.0.0
[debug] Time:         Mon Apr 24 2017 22:36:53 GMT+1000 (AEST)
[debug] ----------------------------------------------------------------------
[debug] 
[debug] > command requires scopes: ["email","openid","https://www.googleapis.com/auth/cloudplatformprojects.readonly","https://www.googleapis.com/auth/firebase","https://www.googleapis.com/auth/cloud-platform"]
[debug] > refreshing access token with scopes: ["email","https://www.googleapis.com/auth/cloud-platform","https://www.googleapis.com/auth/cloudplatformprojects.readonly","https://www.googleapis.com/auth/firebase","openid"]
[debug] >>> HTTP REQUEST POST https://www.googleapis.com/oauth2/v3/token { refresh_token: '1/boaS5WxDq-2WDuA3cmCs6_Y5q33AfhwDojqvrD7piQqPjnYoyJD9cEvut70fv6Lp',
  client_id: '563584335869-fgrhgmd47bqnekij5i8b5pr03ho849e6.apps.googleusercontent.com',
  client_secret: 'j9iVZfS8kkCEFUPaAeJV0sAi',
  grant_type: 'refresh_token',
  scope: 'email https://www.googleapis.com/auth/cloud-platform https://www.googleapis.com/auth/cloudplatformprojects.readonly https://www.googleapis.com/auth/firebase openid' } 
 Mon Apr 24 2017 22:36:53 GMT+1000 (AEST)
[debug] <<< HTTP RESPONSE 200
[debug] >>> HTTP REQUEST GET https://admin.firebase.com/v1/projects/photon-6d209  
 Mon Apr 24 2017 22:36:53 GMT+1000 (AEST)
[debug] <<< HTTP RESPONSE 200
[debug] >>> HTTP REQUEST GET https://admin.firebase.com/v1/database/photon-6d209/tokens  
 Mon Apr 24 2017 22:36:55 GMT+1000 (AEST)
[debug] <<< HTTP RESPONSE 200
[info] 
[info] === Deploying to 'photon-6d209'...
[info] 
[info] i  deploying database, functions, hosting
[info] ✔  database: rules ready to deploy.
[debug] > [functions] package.json contents: {
  "name": "functions",
  "description": "Cloud Functions for Firebase",
  "dependencies": {
    "firebase-admin": "^4.1.2",
    "firebase-functions": "^0.5"
  },
  "private": true
}
[info] i  functions: ensuring necessary APIs are enabled...
[info] i  runtimeconfig: ensuring necessary APIs are enabled...
[debug] >>> HTTP REQUEST GET https://servicemanagement.googleapis.com/v1/services/cloudfunctions.googleapis.com/projectSettings/photon-6d209?view=CONSUMER_VIEW  
 Mon Apr 24 2017 22:36:58 GMT+1000 (AEST)
[debug] >>> HTTP REQUEST GET https://servicemanagement.googleapis.com/v1/services/runtimeconfig.googleapis.com/projectSettings/photon-6d209?view=CONSUMER_VIEW  
 Mon Apr 24 2017 22:36:58 GMT+1000 (AEST)
[debug] <<< HTTP RESPONSE 200
[info] ✔  runtimeconfig: all necessary APIs are enabled
[debug] <<< HTTP RESPONSE 200
[info] ✔  functions: all necessary APIs are enabled
[debug] >>> HTTP REQUEST GET https://appengine.googleapis.com/v1/apps/photon-6d209  
 Mon Apr 24 2017 22:37:00 GMT+1000 (AEST)
[debug] >>> HTTP REQUEST GET https://apikeys.googleapis.com/v1/projects/photon-6d209/apiKeys  
 Mon Apr 24 2017 22:37:00 GMT+1000 (AEST)
[debug] <<< HTTP RESPONSE 200
[debug] <<< HTTP RESPONSE 200
[info] i  functions: preparing functions directory for uploading...
[debug] >>> HTTP REQUEST GET https://runtimeconfig.googleapis.com/v1beta1/projects/photon-6d209/configs  
 Mon Apr 24 2017 22:37:09 GMT+1000 (AEST)
[debug] <<< HTTP RESPONSE 200
[debug] > [functions] runtime config materialized as: {
  "firebase": {
    "databaseURL": "https://photon-6d209.firebaseio.com",
    "storageBucket": "photon-6d209.appspot.com",
    "apiKey": "AIzaSyCyos0YCSA8gKcerdmPA6_KtOyHg1L7_Qk",
    "authDomain": "photon-6d209.firebaseapp.com"
  }
}
[debug] > [functions] parsed triggers: []
[info] i  hosting: preparing dist directory for upload...
[debug] >>> HTTP REQUEST PUT https://deploy.firebase.com/v1/hosting/photon-6d209/uploads/-KiUxlO3tPe-lGnb6kjG?fileCount=9&message=  
 Mon Apr 24 2017 22:37:11 GMT+1000 (AEST)
